{"E:\\Reto Técnico Indra\\api\\people.js": {"path":"E:\\Reto Técnico Indra\\api\\people.js","statementMap":{"0":{"start":{"line":2,"column":14},"end":{"line":2,"column":43}},"1":{"start":{"line":3,"column":12},"end":{"line":3,"column":30}},"2":{"start":{"line":4,"column":23},"end":{"line":4,"column":38}},"3":{"start":{"line":5,"column":20},"end":{"line":5,"column":51}},"4":{"start":{"line":6,"column":0},"end":{"line":6,"column":54}},"5":{"start":{"line":8,"column":12},"end":{"line":8,"column":26}},"6":{"start":{"line":9,"column":12},"end":{"line":9,"column":21}},"7":{"start":{"line":11,"column":0},"end":{"line":16,"column":3}},"8":{"start":{"line":12,"column":2},"end":{"line":14,"column":3}},"9":{"start":{"line":13,"column":4},"end":{"line":13,"column":50}},"10":{"start":{"line":15,"column":2},"end":{"line":15,"column":44}},"11":{"start":{"line":18,"column":17},"end":{"line":18,"column":50}},"12":{"start":{"line":20,"column":15},"end":{"line":57,"column":1}},"13":{"start":{"line":59,"column":0},"end":{"line":105,"column":2}},"14":{"start":{"line":61,"column":4},"end":{"line":63,"column":10}},"15":{"start":{"line":65,"column":4},"end":{"line":65,"column":67}},"16":{"start":{"line":67,"column":15},"end":{"line":69,"column":3}},"17":{"start":{"line":70,"column":2},"end":{"line":78,"column":3}},"18":{"start":{"line":71,"column":26},"end":{"line":71,"column":28}},"19":{"start":{"line":72,"column":4},"end":{"line":72,"column":77}},"20":{"start":{"line":72,"column":39},"end":{"line":72,"column":77}},"21":{"start":{"line":73,"column":4},"end":{"line":73,"column":59}},"22":{"start":{"line":75,"column":4},"end":{"line":77,"column":6}},"23":{"start":{"line":79,"column":2},"end":{"line":104,"column":7}},"24":{"start":{"line":83,"column":6},"end":{"line":91,"column":8}},"25":{"start":{"line":94,"column":6},"end":{"line":103,"column":8}},"26":{"start":{"line":107,"column":0},"end":{"line":124,"column":2}},"27":{"start":{"line":108,"column":2},"end":{"line":123,"column":7}},"28":{"start":{"line":111,"column":6},"end":{"line":114,"column":8}},"29":{"start":{"line":117,"column":6},"end":{"line":122,"column":8}},"30":{"start":{"line":126,"column":0},"end":{"line":152,"column":2}},"31":{"start":{"line":127,"column":15},"end":{"line":127,"column":37}},"32":{"start":{"line":128,"column":2},"end":{"line":128,"column":21}},"33":{"start":{"line":129,"column":2},"end":{"line":129,"column":43}},"34":{"start":{"line":130,"column":2},"end":{"line":130,"column":42}},"35":{"start":{"line":132,"column":16},"end":{"line":132,"column":42}},"36":{"start":{"line":134,"column":2},"end":{"line":138,"column":6}},"37":{"start":{"line":135,"column":4},"end":{"line":138,"column":6}},"38":{"start":{"line":140,"column":21},"end":{"line":143,"column":3}},"39":{"start":{"line":144,"column":2},"end":{"line":147,"column":23}},"40":{"start":{"line":148,"column":2},"end":{"line":151,"column":4}},"41":{"start":{"line":154,"column":0},"end":{"line":161,"column":2}},"42":{"start":{"line":155,"column":2},"end":{"line":155,"column":30}},"43":{"start":{"line":156,"column":2},"end":{"line":156,"column":45}},"44":{"start":{"line":157,"column":2},"end":{"line":160,"column":4}}},"fnMap":{"0":{"name":"(anonymous_0)","decl":{"start":{"line":11,"column":27},"end":{"line":11,"column":28}},"loc":{"start":{"line":11,"column":53},"end":{"line":16,"column":1}},"line":11},"1":{"name":"(anonymous_1)","decl":{"start":{"line":59,"column":23},"end":{"line":59,"column":24}},"loc":{"start":{"line":59,"column":40},"end":{"line":105,"column":1}},"line":59},"2":{"name":"(anonymous_2)","decl":{"start":{"line":82,"column":10},"end":{"line":82,"column":11}},"loc":{"start":{"line":82,"column":22},"end":{"line":92,"column":5}},"line":82},"3":{"name":"(anonymous_3)","decl":{"start":{"line":93,"column":11},"end":{"line":93,"column":12}},"loc":{"start":{"line":93,"column":20},"end":{"line":104,"column":5}},"line":93},"4":{"name":"(anonymous_4)","decl":{"start":{"line":107,"column":20},"end":{"line":107,"column":21}},"loc":{"start":{"line":107,"column":37},"end":{"line":124,"column":1}},"line":107},"5":{"name":"(anonymous_5)","decl":{"start":{"line":110,"column":10},"end":{"line":110,"column":11}},"loc":{"start":{"line":110,"column":22},"end":{"line":115,"column":5}},"line":110},"6":{"name":"(anonymous_6)","decl":{"start":{"line":116,"column":11},"end":{"line":116,"column":12}},"loc":{"start":{"line":116,"column":22},"end":{"line":123,"column":5}},"line":116},"7":{"name":"(anonymous_7)","decl":{"start":{"line":126,"column":24},"end":{"line":126,"column":25}},"loc":{"start":{"line":126,"column":41},"end":{"line":152,"column":1}},"line":126},"8":{"name":"(anonymous_8)","decl":{"start":{"line":147,"column":10},"end":{"line":147,"column":11}},"loc":{"start":{"line":147,"column":19},"end":{"line":147,"column":21}},"line":147},"9":{"name":"(anonymous_9)","decl":{"start":{"line":154,"column":24},"end":{"line":154,"column":25}},"loc":{"start":{"line":154,"column":41},"end":{"line":161,"column":1}},"line":154}},"branchMap":{"0":{"loc":{"start":{"line":12,"column":2},"end":{"line":14,"column":3}},"type":"if","locations":[{"start":{"line":12,"column":2},"end":{"line":14,"column":3}},{"start":{},"end":{}}],"line":12},"1":{"loc":{"start":{"line":61,"column":4},"end":{"line":63,"column":10}},"type":"cond-expr","locations":[{"start":{"line":62,"column":8},"end":{"line":62,"column":35}},{"start":{"line":63,"column":8},"end":{"line":63,"column":10}}],"line":61},"2":{"loc":{"start":{"line":65,"column":4},"end":{"line":65,"column":67}},"type":"cond-expr","locations":[{"start":{"line":65,"column":50},"end":{"line":65,"column":62}},{"start":{"line":65,"column":65},"end":{"line":65,"column":67}}],"line":65},"3":{"loc":{"start":{"line":65,"column":4},"end":{"line":65,"column":47}},"type":"binary-expr","locations":[{"start":{"line":65,"column":4},"end":{"line":65,"column":9}},{"start":{"line":65,"column":13},"end":{"line":65,"column":47}}],"line":65},"4":{"loc":{"start":{"line":70,"column":2},"end":{"line":78,"column":3}},"type":"if","locations":[{"start":{"line":70,"column":2},"end":{"line":78,"column":3}},{"start":{},"end":{}}],"line":70},"5":{"loc":{"start":{"line":134,"column":2},"end":{"line":138,"column":6}},"type":"if","locations":[{"start":{"line":134,"column":2},"end":{"line":138,"column":6}},{"start":{},"end":{}}],"line":134}},"s":{"0":1,"1":1,"2":1,"3":1,"4":1,"5":1,"6":1,"7":1,"8":0,"9":0,"10":0,"11":1,"12":1,"13":1,"14":0,"15":0,"16":0,"17":0,"18":0,"19":0,"20":0,"21":0,"22":0,"23":0,"24":0,"25":0,"26":1,"27":2,"28":2,"29":0,"30":1,"31":0,"32":0,"33":0,"34":0,"35":0,"36":0,"37":0,"38":0,"39":0,"40":0,"41":1,"42":0,"43":0,"44":0},"f":{"0":0,"1":0,"2":0,"3":0,"4":2,"5":2,"6":0,"7":0,"8":0,"9":0},"b":{"0":[0,0],"1":[0,0],"2":[0,0],"3":[0,0],"4":[0,0],"5":[0,0]},"_coverageSchema":"1a1c01bbd47fc00a2c39e90264f33305004495a9","hash":"73ba6a947656a777571008ccb05c433b47ed3cd8"}
,"E:\\Reto Técnico Indra\\helper\\mapping.js": {"path":"E:\\Reto Técnico Indra\\helper\\mapping.js","statementMap":{"0":{"start":{"line":3,"column":19},"end":{"line":20,"column":1}},"1":{"start":{"line":22,"column":0},"end":{"line":30,"column":2}},"2":{"start":{"line":23,"column":2},"end":{"line":29,"column":4}},"3":{"start":{"line":24,"column":28},"end":{"line":27,"column":5}}},"fnMap":{"0":{"name":"(anonymous_0)","decl":{"start":{"line":22,"column":27},"end":{"line":22,"column":28}},"loc":{"start":{"line":22,"column":37},"end":{"line":30,"column":1}},"line":22},"1":{"name":"(anonymous_1)","decl":{"start":{"line":24,"column":4},"end":{"line":24,"column":5}},"loc":{"start":{"line":24,"column":28},"end":{"line":27,"column":5}},"line":24}},"branchMap":{},"s":{"0":1,"1":1,"2":2,"3":32},"f":{"0":2,"1":32},"b":{},"_coverageSchema":"1a1c01bbd47fc00a2c39e90264f33305004495a9","hash":"98dbf9e0f26b047e8e6769e4283cafb2bb4ef283"}
,"E:\\Reto Técnico Indra\\responses\\swapi.js": {"path":"E:\\Reto Técnico Indra\\responses\\swapi.js","statementMap":{"0":{"start":{"line":3,"column":0},"end":{"line":5,"column":2}},"1":{"start":{"line":4,"column":4},"end":{"line":4,"column":36}}},"fnMap":{"0":{"name":"(anonymous_0)","decl":{"start":{"line":3,"column":26},"end":{"line":3,"column":27}},"loc":{"start":{"line":3,"column":40},"end":{"line":5,"column":1}},"line":3}},"branchMap":{},"s":{"0":1,"1":2},"f":{"0":2},"b":{},"_coverageSchema":"1a1c01bbd47fc00a2c39e90264f33305004495a9","hash":"72c222296dd0ed09431ef3c7186c955a1b77c999"}
,"E:\\Reto Técnico Indra\\swapi\\swapiPeople.js": {"path":"E:\\Reto Técnico Indra\\swapi\\swapiPeople.js","statementMap":{"0":{"start":{"line":1,"column":14},"end":{"line":1,"column":30}},"1":{"start":{"line":2,"column":15},"end":{"line":2,"column":43}},"2":{"start":{"line":3,"column":12},"end":{"line":3,"column":43}},"3":{"start":{"line":5,"column":0},"end":{"line":15,"column":2}},"4":{"start":{"line":6,"column":15},"end":{"line":13,"column":6}},"5":{"start":{"line":9,"column":6},"end":{"line":9,"column":22}},"6":{"start":{"line":12,"column":6},"end":{"line":12,"column":25}},"7":{"start":{"line":14,"column":2},"end":{"line":14,"column":32}}},"fnMap":{"0":{"name":"(anonymous_0)","decl":{"start":{"line":5,"column":35},"end":{"line":5,"column":36}},"loc":{"start":{"line":5,"column":49},"end":{"line":15,"column":1}},"line":5},"1":{"name":"(anonymous_1)","decl":{"start":{"line":8,"column":10},"end":{"line":8,"column":11}},"loc":{"start":{"line":8,"column":19},"end":{"line":10,"column":5}},"line":8},"2":{"name":"(anonymous_2)","decl":{"start":{"line":11,"column":11},"end":{"line":11,"column":12}},"loc":{"start":{"line":11,"column":22},"end":{"line":13,"column":5}},"line":11}},"branchMap":{},"s":{"0":1,"1":1,"2":1,"3":1,"4":2,"5":2,"6":0,"7":2},"f":{"0":2,"1":2,"2":0},"b":{},"_coverageSchema":"1a1c01bbd47fc00a2c39e90264f33305004495a9","hash":"01e5d7c463f24fbec387125257cef83db581ba2f"}
}
