TN:
SF:api\people.js
FN:11,(anonymous_0)
FN:59,(anonymous_1)
FN:82,(anonymous_2)
FN:93,(anonymous_3)
FN:107,(anonymous_4)
FN:110,(anonymous_5)
FN:116,(anonymous_6)
FN:126,(anonymous_7)
FN:147,(anonymous_8)
FN:154,(anonymous_9)
FNF:10
FNH:2
FNDA:0,(anonymous_0)
FNDA:0,(anonymous_1)
FNDA:0,(anonymous_2)
FNDA:0,(anonymous_3)
FNDA:2,(anonymous_4)
FNDA:2,(anonymous_5)
FNDA:0,(anonymous_6)
FNDA:0,(anonymous_7)
FNDA:0,(anonymous_8)
FNDA:0,(anonymous_9)
DA:2,1
DA:3,1
DA:4,1
DA:5,1
DA:6,1
DA:8,1
DA:9,1
DA:11,1
DA:12,0
DA:13,0
DA:15,0
DA:18,1
DA:20,1
DA:59,1
DA:61,0
DA:65,0
DA:67,0
DA:70,0
DA:71,0
DA:72,0
DA:73,0
DA:75,0
DA:79,0
DA:83,0
DA:94,0
DA:107,1
DA:108,2
DA:111,2
DA:117,0
DA:126,1
DA:127,0
DA:128,0
DA:129,0
DA:130,0
DA:132,0
DA:134,0
DA:135,0
DA:140,0
DA:144,0
DA:148,0
DA:154,1
DA:155,0
DA:156,0
DA:157,0
LF:44
LH:16
BRDA:12,0,0,0
BRDA:12,0,1,0
BRDA:61,1,0,0
BRDA:61,1,1,0
BRDA:65,2,0,0
BRDA:65,2,1,0
BRDA:65,3,0,0
BRDA:65,3,1,0
BRDA:70,4,0,0
BRDA:70,4,1,0
BRDA:134,5,0,0
BRDA:134,5,1,0
BRF:12
BRH:0
end_of_record
TN:
SF:helper\mapping.js
FN:22,(anonymous_0)
FN:24,(anonymous_1)
FNF:2
FNH:2
FNDA:2,(anonymous_0)
FNDA:32,(anonymous_1)
DA:3,1
DA:22,1
DA:23,2
DA:24,32
LF:4
LH:4
BRF:0
BRH:0
end_of_record
TN:
SF:responses\swapi.js
FN:3,(anonymous_0)
FNF:1
FNH:1
FNDA:2,(anonymous_0)
DA:3,1
DA:4,2
LF:2
LH:2
BRF:0
BRH:0
end_of_record
TN:
SF:swapi\swapiPeople.js
FN:5,(anonymous_0)
FN:8,(anonymous_1)
FN:11,(anonymous_2)
FNF:3
FNH:2
FNDA:2,(anonymous_0)
FNDA:2,(anonymous_1)
FNDA:0,(anonymous_2)
DA:1,1
DA:2,1
DA:3,1
DA:5,1
DA:6,2
DA:9,2
DA:12,0
DA:14,2
LF:8
LH:7
BRF:0
BRH:0
end_of_record
